e:\c++\qtcourse\qtcourse\x64\debug\vc120.pdb
e:\c++\qtcourse\qtcourse\x64\debug\qrc_qtcourse.obj
e:\c++\qtcourse\qtcourse\x64\debug\qtcourse.obj
e:\c++\qtcourse\qtcourse\x64\debug\main.obj
e:\c++\qtcourse\qtcourse\x64\debug\moc_qtcourse.obj
e:\c++\qtcourse\qtcourse\generatedfiles\qrc_qtcourse.cpp
e:\c++\qtcourse\qtcourse\generatedfiles\debug\moc_qtcourse.cpp
e:\c++\qtcourse\qtcourse\generatedfiles\ui_qtcourse.h
e:\c++\qtcourse\x64\debug\qtcourse.ilk
e:\c++\qtcourse\x64\debug\qtcourse.exe
e:\c++\qtcourse\x64\debug\qtcourse.pdb
e:\c++\qtcourse\qtcourse\x64\debug\qtcourse.tlog\cl.command.1.tlog
e:\c++\qtcourse\qtcourse\x64\debug\qtcourse.tlog\cl.read.1.tlog
e:\c++\qtcourse\qtcourse\x64\debug\qtcourse.tlog\cl.write.1.tlog
e:\c++\qtcourse\qtcourse\x64\debug\qtcourse.tlog\custombuild.command.1.tlog
e:\c++\qtcourse\qtcourse\x64\debug\qtcourse.tlog\custombuild.read.1.tlog
e:\c++\qtcourse\qtcourse\x64\debug\qtcourse.tlog\custombuild.write.1.tlog
e:\c++\qtcourse\qtcourse\x64\debug\qtcourse.tlog\link.command.1.tlog
e:\c++\qtcourse\qtcourse\x64\debug\qtcourse.tlog\link.read.1.tlog
e:\c++\qtcourse\qtcourse\x64\debug\qtcourse.tlog\link.write.1.tlog
